2020-05-19 09:22:26.776 [main] INFO  com.myself.shiroproject.ShiroprojectApplication 55- Starting ShiroprojectApplication on DESKTOP-684PCSN with PID 6344 (D:\Users\project\layui\shiroproject\target\classes started by vici in D:\Users\project\layui\shiroproject)
2020-05-19 09:22:26.781 [main] DEBUG com.myself.shiroproject.ShiroprojectApplication 56- Running with Spring Boot v2.2.5.RELEASE, Spring v5.2.4.RELEASE
2020-05-19 09:22:26.781 [main] INFO  com.myself.shiroproject.ShiroprojectApplication 655- The following profiles are active: dev
2020-05-19 09:22:29.463 [main] INFO  o.s.d.r.config.RepositoryConfigurationDelegate 249- Multiple Spring Data modules found, entering strict repository configuration mode!
2020-05-19 09:22:29.467 [main] INFO  o.s.d.r.config.RepositoryConfigurationDelegate 127- Bootstrapping Spring Data Redis repositories in DEFAULT mode.
2020-05-19 09:22:29.537 [main] INFO  o.s.d.r.config.RepositoryConfigurationDelegate 187- Finished Spring Data repository scanning in 47ms. Found 0 Redis repository interfaces.
2020-05-19 09:22:30.165 [main] INFO  o.s.c.s.PostProcessorRegistrationDelegate$BeanPostProcessorChecker 330- Bean 'shiroConfiguration' of type [com.myself.shiroproject.config.shiro.ShiroConfiguration$$EnhancerBySpringCGLIB$$17ccd79a] is not eligible for getting processed by all BeanPostProcessors (for example: not eligible for auto-proxying)
2020-05-19 09:22:30.328 [main] INFO  o.s.c.s.PostProcessorRegistrationDelegate$BeanPostProcessorChecker 330- Bean 'hashedCredentialsMatcher' of type [org.apache.shiro.authc.credential.HashedCredentialsMatcher] is not eligible for getting processed by all BeanPostProcessors (for example: not eligible for auto-proxying)
2020-05-19 09:22:30.550 [main] INFO  o.s.c.s.PostProcessorRegistrationDelegate$BeanPostProcessorChecker 330- Bean 'mybatis-plus-com.baomidou.mybatisplus.autoconfigure.MybatisPlusProperties' of type [com.baomidou.mybatisplus.autoconfigure.MybatisPlusProperties] is not eligible for getting processed by all BeanPostProcessors (for example: not eligible for auto-proxying)
2020-05-19 09:22:30.552 [main] INFO  o.s.c.s.PostProcessorRegistrationDelegate$BeanPostProcessorChecker 330- Bean 'mybatisPlusConfigure' of type [com.myself.shiroproject.config.pageconfig.MybatisPlusConfigure$$EnhancerBySpringCGLIB$$242d5950] is not eligible for getting processed by all BeanPostProcessors (for example: not eligible for auto-proxying)
2020-05-19 09:22:30.582 [main] INFO  o.s.c.s.PostProcessorRegistrationDelegate$BeanPostProcessorChecker 330- Bean 'paginationInterceptor' of type [com.baomidou.mybatisplus.extension.plugins.PaginationInterceptor] is not eligible for getting processed by all BeanPostProcessors (for example: not eligible for auto-proxying)
2020-05-19 09:22:30.584 [main] INFO  o.s.c.s.PostProcessorRegistrationDelegate$BeanPostProcessorChecker 330- Bean 'com.baomidou.mybatisplus.autoconfigure.MybatisPlusAutoConfiguration' of type [com.baomidou.mybatisplus.autoconfigure.MybatisPlusAutoConfiguration$$EnhancerBySpringCGLIB$$5bdc7b5e] is not eligible for getting processed by all BeanPostProcessors (for example: not eligible for auto-proxying)
2020-05-19 09:22:30.595 [main] INFO  o.s.c.s.PostProcessorRegistrationDelegate$BeanPostProcessorChecker 330- Bean 'spring.datasource.dynamic-com.baomidou.dynamic.datasource.spring.boot.autoconfigure.DynamicDataSourceProperties' of type [com.baomidou.dynamic.datasource.spring.boot.autoconfigure.DynamicDataSourceProperties] is not eligible for getting processed by all BeanPostProcessors (for example: not eligible for auto-proxying)
2020-05-19 09:22:30.596 [main] INFO  o.s.c.s.PostProcessorRegistrationDelegate$BeanPostProcessorChecker 330- Bean 'com.baomidou.dynamic.datasource.spring.boot.autoconfigure.DynamicDataSourceAutoConfiguration' of type [com.baomidou.dynamic.datasource.spring.boot.autoconfigure.DynamicDataSourceAutoConfiguration$$EnhancerBySpringCGLIB$$87a27f95] is not eligible for getting processed by all BeanPostProcessors (for example: not eligible for auto-proxying)
2020-05-19 09:22:30.601 [main] INFO  o.s.c.s.PostProcessorRegistrationDelegate$BeanPostProcessorChecker 330- Bean 'dynamicDataSourceCreator' of type [com.baomidou.dynamic.datasource.DynamicDataSourceCreator] is not eligible for getting processed by all BeanPostProcessors (for example: not eligible for auto-proxying)
2020-05-19 09:22:30.602 [main] INFO  o.s.c.s.PostProcessorRegistrationDelegate$BeanPostProcessorChecker 330- Bean 'dynamicDataSourceProvider' of type [com.baomidou.dynamic.datasource.provider.YmlDynamicDataSourceProvider] is not eligible for getting processed by all BeanPostProcessors (for example: not eligible for auto-proxying)
2020-05-19 09:22:30.661 [main] INFO  com.zaxxer.hikari.HikariDataSource 80- base - Starting...
2020-05-19 09:22:30.981 [main] INFO  com.zaxxer.hikari.HikariDataSource 82- base - Start completed.
2020-05-19 09:22:30.982 [main] INFO  c.b.dynamic.datasource.DynamicRoutingDataSource 189- 初始共加载 1 个数据源
2020-05-19 09:22:30.982 [main] INFO  c.b.dynamic.datasource.DynamicRoutingDataSource 135- 动态数据源-加载 base 成功
2020-05-19 09:22:30.982 [main] INFO  c.b.dynamic.datasource.DynamicRoutingDataSource 198- 当前的默认数据源是单数据源，数据源名为 base
2020-05-19 09:22:30.982 [main] INFO  o.s.c.s.PostProcessorRegistrationDelegate$BeanPostProcessorChecker 330- Bean 'dataSource' of type [com.baomidou.dynamic.datasource.DynamicRoutingDataSource] is not eligible for getting processed by all BeanPostProcessors (for example: not eligible for auto-proxying)
2020-05-19 09:22:31.087 [main] INFO  o.s.c.s.PostProcessorRegistrationDelegate$BeanPostProcessorChecker 330- Bean 'iSqlInjector' of type [com.baomidou.mybatisplus.extension.injector.LogicSqlInjector] is not eligible for getting processed by all BeanPostProcessors (for example: not eligible for auto-proxying)
2020-05-19 09:22:31.836 [main] INFO  o.s.c.s.PostProcessorRegistrationDelegate$BeanPostProcessorChecker 330- Bean 'sqlSessionFactory' of type [org.apache.ibatis.session.defaults.DefaultSqlSessionFactory] is not eligible for getting processed by all BeanPostProcessors (for example: not eligible for auto-proxying)
2020-05-19 09:22:31.839 [main] INFO  o.s.c.s.PostProcessorRegistrationDelegate$BeanPostProcessorChecker 330- Bean 'sqlSessionTemplate' of type [org.mybatis.spring.SqlSessionTemplate] is not eligible for getting processed by all BeanPostProcessors (for example: not eligible for auto-proxying)
2020-05-19 09:22:31.839 [main] INFO  o.s.c.s.PostProcessorRegistrationDelegate$BeanPostProcessorChecker 330- Bean 'userMapper' of type [org.mybatis.spring.mapper.MapperFactoryBean] is not eligible for getting processed by all BeanPostProcessors (for example: not eligible for auto-proxying)
2020-05-19 09:22:31.841 [main] INFO  o.s.c.s.PostProcessorRegistrationDelegate$BeanPostProcessorChecker 330- Bean 'userMapper' of type [com.sun.proxy.$Proxy73] is not eligible for getting processed by all BeanPostProcessors (for example: not eligible for auto-proxying)
2020-05-19 09:22:31.843 [main] INFO  o.s.c.s.PostProcessorRegistrationDelegate$BeanPostProcessorChecker 330- Bean 'redisConfig' of type [com.myself.shiroproject.config.redis.RedisConfig$$EnhancerBySpringCGLIB$$6f6ae764] is not eligible for getting processed by all BeanPostProcessors (for example: not eligible for auto-proxying)
2020-05-19 09:22:31.848 [main] INFO  o.s.c.s.PostProcessorRegistrationDelegate$BeanPostProcessorChecker 330- Bean 'spring.redis-org.springframework.boot.autoconfigure.data.redis.RedisProperties' of type [org.springframework.boot.autoconfigure.data.redis.RedisProperties] is not eligible for getting processed by all BeanPostProcessors (for example: not eligible for auto-proxying)
2020-05-19 09:22:31.849 [main] INFO  o.s.c.s.PostProcessorRegistrationDelegate$BeanPostProcessorChecker 330- Bean 'org.springframework.boot.autoconfigure.data.redis.LettuceConnectionConfiguration' of type [org.springframework.boot.autoconfigure.data.redis.LettuceConnectionConfiguration] is not eligible for getting processed by all BeanPostProcessors (for example: not eligible for auto-proxying)
2020-05-19 09:22:32.051 [main] INFO  o.s.c.s.PostProcessorRegistrationDelegate$BeanPostProcessorChecker 330- Bean 'lettuceClientResources' of type [io.lettuce.core.resource.DefaultClientResources] is not eligible for getting processed by all BeanPostProcessors (for example: not eligible for auto-proxying)
2020-05-19 09:22:32.304 [main] INFO  o.s.c.s.PostProcessorRegistrationDelegate$BeanPostProcessorChecker 330- Bean 'redisConnectionFactory' of type [org.springframework.data.redis.connection.lettuce.LettuceConnectionFactory] is not eligible for getting processed by all BeanPostProcessors (for example: not eligible for auto-proxying)
2020-05-19 09:22:32.492 [main] INFO  o.s.c.s.PostProcessorRegistrationDelegate$BeanPostProcessorChecker 330- Bean 'redisTemplate' of type [org.springframework.data.redis.core.RedisTemplate] is not eligible for getting processed by all BeanPostProcessors (for example: not eligible for auto-proxying)
2020-05-19 09:22:32.492 [main] INFO  o.s.c.s.PostProcessorRegistrationDelegate$BeanPostProcessorChecker 330- Bean 'redisUtil' of type [com.myself.shiroproject.util.redis.RedisUtil] is not eligible for getting processed by all BeanPostProcessors (for example: not eligible for auto-proxying)
2020-05-19 09:22:32.493 [main] INFO  o.s.c.s.PostProcessorRegistrationDelegate$BeanPostProcessorChecker 330- Bean 'loginServiceImpl' of type [com.myself.shiroproject.service.impl.LoginServiceImpl] is not eligible for getting processed by all BeanPostProcessors (for example: not eligible for auto-proxying)
2020-05-19 09:22:32.495 [main] INFO  o.s.c.s.PostProcessorRegistrationDelegate$BeanPostProcessorChecker 330- Bean 'roleMapper' of type [org.mybatis.spring.mapper.MapperFactoryBean] is not eligible for getting processed by all BeanPostProcessors (for example: not eligible for auto-proxying)
2020-05-19 09:22:32.496 [main] INFO  o.s.c.s.PostProcessorRegistrationDelegate$BeanPostProcessorChecker 330- Bean 'roleMapper' of type [com.sun.proxy.$Proxy76] is not eligible for getting processed by all BeanPostProcessors (for example: not eligible for auto-proxying)
2020-05-19 09:22:32.497 [main] INFO  o.s.c.s.PostProcessorRegistrationDelegate$BeanPostProcessorChecker 330- Bean 'roleServiceImpl' of type [com.myself.shiroproject.service.impl.RoleServiceImpl] is not eligible for getting processed by all BeanPostProcessors (for example: not eligible for auto-proxying)
2020-05-19 09:22:32.500 [main] INFO  o.s.c.s.PostProcessorRegistrationDelegate$BeanPostProcessorChecker 330- Bean 'permissionsMapper' of type [org.mybatis.spring.mapper.MapperFactoryBean] is not eligible for getting processed by all BeanPostProcessors (for example: not eligible for auto-proxying)
2020-05-19 09:22:32.501 [main] INFO  o.s.c.s.PostProcessorRegistrationDelegate$BeanPostProcessorChecker 330- Bean 'permissionsMapper' of type [com.sun.proxy.$Proxy77] is not eligible for getting processed by all BeanPostProcessors (for example: not eligible for auto-proxying)
2020-05-19 09:22:32.502 [main] INFO  o.s.c.s.PostProcessorRegistrationDelegate$BeanPostProcessorChecker 330- Bean 'permissionsServiceImpl' of type [com.myself.shiroproject.service.impl.permissionsServiceImpl] is not eligible for getting processed by all BeanPostProcessors (for example: not eligible for auto-proxying)
2020-05-19 09:22:32.502 [main] INFO  o.s.c.s.PostProcessorRegistrationDelegate$BeanPostProcessorChecker 330- Bean 'authRealm' of type [com.myself.shiroproject.config.shiro.AuthRealm] is not eligible for getting processed by all BeanPostProcessors (for example: not eligible for auto-proxying)
2020-05-19 09:22:32.884 [main] INFO  o.s.c.s.PostProcessorRegistrationDelegate$BeanPostProcessorChecker 330- Bean 'sessionListener' of type [com.myself.shiroproject.config.shiro.ShiroSessionListener] is not eligible for getting processed by all BeanPostProcessors (for example: not eligible for auto-proxying)
2020-05-19 09:22:32.896 [main] INFO  o.s.c.s.PostProcessorRegistrationDelegate$BeanPostProcessorChecker 330- Bean 'sessionIdCookie' of type [org.apache.shiro.web.servlet.SimpleCookie] is not eligible for getting processed by all BeanPostProcessors (for example: not eligible for auto-proxying)
2020-05-19 09:22:32.899 [main] INFO  o.s.c.s.PostProcessorRegistrationDelegate$BeanPostProcessorChecker 330- Bean 'sessionManager' of type [org.apache.shiro.web.session.mgt.DefaultWebSessionManager] is not eligible for getting processed by all BeanPostProcessors (for example: not eligible for auto-proxying)
2020-05-19 09:22:32.902 [main] INFO  o.s.c.s.PostProcessorRegistrationDelegate$BeanPostProcessorChecker 330- Bean 'securityManager' of type [org.apache.shiro.web.mgt.DefaultWebSecurityManager] is not eligible for getting processed by all BeanPostProcessors (for example: not eligible for auto-proxying)
2020-05-19 09:22:32.944 [main] INFO  o.s.c.s.PostProcessorRegistrationDelegate$BeanPostProcessorChecker 330- Bean 'authorizationAttributeSourceAdvisor' of type [org.apache.shiro.spring.security.interceptor.AuthorizationAttributeSourceAdvisor] is not eligible for getting processed by all BeanPostProcessors (for example: not eligible for auto-proxying)
2020-05-19 09:22:33.000 [main] INFO  o.s.c.s.PostProcessorRegistrationDelegate$BeanPostProcessorChecker 330- Bean 'dsProcessor' of type [com.baomidou.dynamic.datasource.processor.DsHeaderProcessor] is not eligible for getting processed by all BeanPostProcessors (for example: not eligible for auto-proxying)
2020-05-19 09:22:33.006 [main] INFO  o.s.c.s.PostProcessorRegistrationDelegate$BeanPostProcessorChecker 330- Bean 'dynamicDatasourceAnnotationAdvisor' of type [com.baomidou.dynamic.datasource.aop.DynamicDataSourceAnnotationAdvisor] is not eligible for getting processed by all BeanPostProcessors (for example: not eligible for auto-proxying)
2020-05-19 09:22:33.521 [main] INFO  o.s.boot.web.embedded.tomcat.TomcatWebServer 92- Tomcat initialized with port(s): 9011 (http)
2020-05-19 09:22:33.542 [main] INFO  org.apache.coyote.http11.Http11NioProtocol 173- Initializing ProtocolHandler ["http-nio-9011"]
2020-05-19 09:22:33.543 [main] INFO  org.apache.catalina.core.StandardService 173- Starting service [Tomcat]
2020-05-19 09:22:33.543 [main] INFO  org.apache.catalina.core.StandardEngine 173- Starting Servlet engine: [Apache Tomcat/9.0.31]
2020-05-19 09:22:33.893 [main] INFO  o.a.c.core.ContainerBase.[Tomcat].[localhost].[/] 173- Initializing Spring embedded WebApplicationContext
2020-05-19 09:22:33.893 [main] INFO  org.springframework.web.context.ContextLoader 284- Root WebApplicationContext: initialization completed in 6972 ms
2020-05-19 09:22:34.406 [main] INFO  o.s.scheduling.concurrent.ThreadPoolTaskExecutor 181- Initializing ExecutorService 'applicationTaskExecutor'
2020-05-19 09:22:34.543 [main] INFO  o.s.b.a.web.servlet.WelcomePageHandlerMapping 58- Adding welcome page template: index
2020-05-19 09:22:34.679 [main] WARN  org.thymeleaf.templatemode.TemplateMode 150- [THYMELEAF][main] Template Mode 'HTML5' is deprecated. Using Template Mode 'HTML' instead.
2020-05-19 09:22:35.118 [main] INFO  org.apache.coyote.http11.Http11NioProtocol 173- Starting ProtocolHandler ["http-nio-9011"]
2020-05-19 09:22:35.172 [main] INFO  o.s.boot.web.embedded.tomcat.TomcatWebServer 204- Tomcat started on port(s): 9011 (http) with context path ''
2020-05-19 09:22:35.177 [main] INFO  com.myself.shiroproject.ShiroprojectApplication 61- Started ShiroprojectApplication in 11.309 seconds (JVM running for 15.109)
