2020-04-01 13:57:45.188 [main] INFO  com.myself.shiroproject.ShiroprojectApplication 55- Starting ShiroprojectApplication on DESKTOP-684PCSN with PID 12544 (D:\Users\project\layui\shiroproject\target\classes started by vici in D:\Users\project\layui\shiroproject)
2020-04-01 13:57:45.207 [main] DEBUG com.myself.shiroproject.ShiroprojectApplication 56- Running with Spring Boot v2.2.5.RELEASE, Spring v5.2.4.RELEASE
2020-04-01 13:57:45.208 [main] INFO  com.myself.shiroproject.ShiroprojectApplication 655- The following profiles are active: dev
2020-04-01 13:57:47.729 [main] INFO  o.s.c.s.PostProcessorRegistrationDelegate$BeanPostProcessorChecker 330- Bean 'shiroConfiguration' of type [com.myself.shiroproject.config.shiro.ShiroConfiguration$$EnhancerBySpringCGLIB$$d6bbd25] is not eligible for getting processed by all BeanPostProcessors (for example: not eligible for auto-proxying)
2020-04-01 13:57:47.803 [main] INFO  o.s.c.s.PostProcessorRegistrationDelegate$BeanPostProcessorChecker 330- Bean 'hashedCredentialsMatcher' of type [org.apache.shiro.authc.credential.HashedCredentialsMatcher] is not eligible for getting processed by all BeanPostProcessors (for example: not eligible for auto-proxying)
2020-04-01 13:57:47.933 [main] INFO  o.s.c.s.PostProcessorRegistrationDelegate$BeanPostProcessorChecker 330- Bean 'mybatis-plus-com.baomidou.mybatisplus.autoconfigure.MybatisPlusProperties' of type [com.baomidou.mybatisplus.autoconfigure.MybatisPlusProperties] is not eligible for getting processed by all BeanPostProcessors (for example: not eligible for auto-proxying)
2020-04-01 13:57:47.935 [main] INFO  o.s.c.s.PostProcessorRegistrationDelegate$BeanPostProcessorChecker 330- Bean 'mybatisPlusConfigure' of type [com.myself.shiroproject.config.pageconfig.MybatisPlusConfigure$$EnhancerBySpringCGLIB$$19cc3edb] is not eligible for getting processed by all BeanPostProcessors (for example: not eligible for auto-proxying)
2020-04-01 13:57:47.956 [main] INFO  o.s.c.s.PostProcessorRegistrationDelegate$BeanPostProcessorChecker 330- Bean 'paginationInterceptor' of type [com.baomidou.mybatisplus.extension.plugins.PaginationInterceptor] is not eligible for getting processed by all BeanPostProcessors (for example: not eligible for auto-proxying)
2020-04-01 13:57:47.959 [main] INFO  o.s.c.s.PostProcessorRegistrationDelegate$BeanPostProcessorChecker 330- Bean 'com.baomidou.mybatisplus.autoconfigure.MybatisPlusAutoConfiguration' of type [com.baomidou.mybatisplus.autoconfigure.MybatisPlusAutoConfiguration$$EnhancerBySpringCGLIB$$517b60e9] is not eligible for getting processed by all BeanPostProcessors (for example: not eligible for auto-proxying)
2020-04-01 13:57:47.967 [main] INFO  o.s.c.s.PostProcessorRegistrationDelegate$BeanPostProcessorChecker 330- Bean 'spring.datasource.dynamic-com.baomidou.dynamic.datasource.spring.boot.autoconfigure.DynamicDataSourceProperties' of type [com.baomidou.dynamic.datasource.spring.boot.autoconfigure.DynamicDataSourceProperties] is not eligible for getting processed by all BeanPostProcessors (for example: not eligible for auto-proxying)
2020-04-01 13:57:47.968 [main] INFO  o.s.c.s.PostProcessorRegistrationDelegate$BeanPostProcessorChecker 330- Bean 'com.baomidou.dynamic.datasource.spring.boot.autoconfigure.DynamicDataSourceAutoConfiguration' of type [com.baomidou.dynamic.datasource.spring.boot.autoconfigure.DynamicDataSourceAutoConfiguration$$EnhancerBySpringCGLIB$$7d416520] is not eligible for getting processed by all BeanPostProcessors (for example: not eligible for auto-proxying)
2020-04-01 13:57:47.973 [main] INFO  o.s.c.s.PostProcessorRegistrationDelegate$BeanPostProcessorChecker 330- Bean 'dynamicDataSourceCreator' of type [com.baomidou.dynamic.datasource.DynamicDataSourceCreator] is not eligible for getting processed by all BeanPostProcessors (for example: not eligible for auto-proxying)
2020-04-01 13:57:47.974 [main] INFO  o.s.c.s.PostProcessorRegistrationDelegate$BeanPostProcessorChecker 330- Bean 'dynamicDataSourceProvider' of type [com.baomidou.dynamic.datasource.provider.YmlDynamicDataSourceProvider] is not eligible for getting processed by all BeanPostProcessors (for example: not eligible for auto-proxying)
2020-04-01 13:57:48.042 [main] INFO  com.zaxxer.hikari.HikariDataSource 80- base - Starting...
2020-04-01 13:57:48.503 [main] INFO  com.zaxxer.hikari.HikariDataSource 82- base - Start completed.
2020-04-01 13:57:48.503 [main] INFO  c.b.dynamic.datasource.DynamicRoutingDataSource 189- 初始共加载 1 个数据源
2020-04-01 13:57:48.504 [main] INFO  c.b.dynamic.datasource.DynamicRoutingDataSource 135- 动态数据源-加载 base 成功
2020-04-01 13:57:48.504 [main] INFO  c.b.dynamic.datasource.DynamicRoutingDataSource 198- 当前的默认数据源是单数据源，数据源名为 base
2020-04-01 13:57:48.504 [main] INFO  o.s.c.s.PostProcessorRegistrationDelegate$BeanPostProcessorChecker 330- Bean 'dataSource' of type [com.baomidou.dynamic.datasource.DynamicRoutingDataSource] is not eligible for getting processed by all BeanPostProcessors (for example: not eligible for auto-proxying)
2020-04-01 13:57:48.575 [main] INFO  o.s.c.s.PostProcessorRegistrationDelegate$BeanPostProcessorChecker 330- Bean 'iSqlInjector' of type [com.baomidou.mybatisplus.extension.injector.LogicSqlInjector] is not eligible for getting processed by all BeanPostProcessors (for example: not eligible for auto-proxying)
2020-04-01 13:57:49.395 [main] INFO  o.s.c.s.PostProcessorRegistrationDelegate$BeanPostProcessorChecker 330- Bean 'sqlSessionFactory' of type [org.apache.ibatis.session.defaults.DefaultSqlSessionFactory] is not eligible for getting processed by all BeanPostProcessors (for example: not eligible for auto-proxying)
2020-04-01 13:57:49.438 [main] INFO  o.s.c.s.PostProcessorRegistrationDelegate$BeanPostProcessorChecker 330- Bean 'sqlSessionTemplate' of type [org.mybatis.spring.SqlSessionTemplate] is not eligible for getting processed by all BeanPostProcessors (for example: not eligible for auto-proxying)
2020-04-01 13:57:49.439 [main] INFO  o.s.c.s.PostProcessorRegistrationDelegate$BeanPostProcessorChecker 330- Bean 'userMapper' of type [org.mybatis.spring.mapper.MapperFactoryBean] is not eligible for getting processed by all BeanPostProcessors (for example: not eligible for auto-proxying)
2020-04-01 13:57:49.441 [main] INFO  o.s.c.s.PostProcessorRegistrationDelegate$BeanPostProcessorChecker 330- Bean 'userMapper' of type [com.sun.proxy.$Proxy69] is not eligible for getting processed by all BeanPostProcessors (for example: not eligible for auto-proxying)
2020-04-01 13:57:49.441 [main] INFO  o.s.c.s.PostProcessorRegistrationDelegate$BeanPostProcessorChecker 330- Bean 'loginServiceImpl' of type [com.myself.shiroproject.service.impl.LoginServiceImpl] is not eligible for getting processed by all BeanPostProcessors (for example: not eligible for auto-proxying)
2020-04-01 13:57:49.443 [main] INFO  o.s.c.s.PostProcessorRegistrationDelegate$BeanPostProcessorChecker 330- Bean 'roleMapper' of type [org.mybatis.spring.mapper.MapperFactoryBean] is not eligible for getting processed by all BeanPostProcessors (for example: not eligible for auto-proxying)
2020-04-01 13:57:49.444 [main] INFO  o.s.c.s.PostProcessorRegistrationDelegate$BeanPostProcessorChecker 330- Bean 'roleMapper' of type [com.sun.proxy.$Proxy70] is not eligible for getting processed by all BeanPostProcessors (for example: not eligible for auto-proxying)
2020-04-01 13:57:49.444 [main] INFO  o.s.c.s.PostProcessorRegistrationDelegate$BeanPostProcessorChecker 330- Bean 'roleServiceImpl' of type [com.myself.shiroproject.service.impl.RoleServiceImpl] is not eligible for getting processed by all BeanPostProcessors (for example: not eligible for auto-proxying)
2020-04-01 13:57:49.446 [main] INFO  o.s.c.s.PostProcessorRegistrationDelegate$BeanPostProcessorChecker 330- Bean 'permissionsMapper' of type [org.mybatis.spring.mapper.MapperFactoryBean] is not eligible for getting processed by all BeanPostProcessors (for example: not eligible for auto-proxying)
2020-04-01 13:57:49.447 [main] INFO  o.s.c.s.PostProcessorRegistrationDelegate$BeanPostProcessorChecker 330- Bean 'permissionsMapper' of type [com.sun.proxy.$Proxy71] is not eligible for getting processed by all BeanPostProcessors (for example: not eligible for auto-proxying)
2020-04-01 13:57:49.447 [main] INFO  o.s.c.s.PostProcessorRegistrationDelegate$BeanPostProcessorChecker 330- Bean 'permissionsServiceImpl' of type [com.myself.shiroproject.service.impl.permissionsServiceImpl] is not eligible for getting processed by all BeanPostProcessors (for example: not eligible for auto-proxying)
2020-04-01 13:57:49.447 [main] INFO  o.s.c.s.PostProcessorRegistrationDelegate$BeanPostProcessorChecker 330- Bean 'authRealm' of type [com.myself.shiroproject.config.shiro.AuthRealm] is not eligible for getting processed by all BeanPostProcessors (for example: not eligible for auto-proxying)
2020-04-01 13:57:49.936 [main] INFO  o.s.c.s.PostProcessorRegistrationDelegate$BeanPostProcessorChecker 330- Bean 'securityManager' of type [org.apache.shiro.web.mgt.DefaultWebSecurityManager] is not eligible for getting processed by all BeanPostProcessors (for example: not eligible for auto-proxying)
2020-04-01 13:57:50.037 [main] INFO  o.s.c.s.PostProcessorRegistrationDelegate$BeanPostProcessorChecker 330- Bean 'authorizationAttributeSourceAdvisor' of type [org.apache.shiro.spring.security.interceptor.AuthorizationAttributeSourceAdvisor] is not eligible for getting processed by all BeanPostProcessors (for example: not eligible for auto-proxying)
2020-04-01 13:57:50.075 [main] INFO  o.s.c.s.PostProcessorRegistrationDelegate$BeanPostProcessorChecker 330- Bean 'dsProcessor' of type [com.baomidou.dynamic.datasource.processor.DsHeaderProcessor] is not eligible for getting processed by all BeanPostProcessors (for example: not eligible for auto-proxying)
2020-04-01 13:57:50.081 [main] INFO  o.s.c.s.PostProcessorRegistrationDelegate$BeanPostProcessorChecker 330- Bean 'dynamicDatasourceAnnotationAdvisor' of type [com.baomidou.dynamic.datasource.aop.DynamicDataSourceAnnotationAdvisor] is not eligible for getting processed by all BeanPostProcessors (for example: not eligible for auto-proxying)
2020-04-01 13:57:50.618 [main] INFO  o.s.boot.web.embedded.tomcat.TomcatWebServer 92- Tomcat initialized with port(s): 9011 (http)
2020-04-01 13:57:50.629 [main] INFO  org.apache.coyote.http11.Http11NioProtocol 173- Initializing ProtocolHandler ["http-nio-9011"]
2020-04-01 13:57:50.629 [main] INFO  org.apache.catalina.core.StandardService 173- Starting service [Tomcat]
2020-04-01 13:57:50.630 [main] INFO  org.apache.catalina.core.StandardEngine 173- Starting Servlet engine: [Apache Tomcat/9.0.31]
2020-04-01 13:57:51.034 [main] INFO  o.a.c.core.ContainerBase.[Tomcat].[localhost].[/] 173- Initializing Spring embedded WebApplicationContext
2020-04-01 13:57:51.034 [main] INFO  org.springframework.web.context.ContextLoader 284- Root WebApplicationContext: initialization completed in 5625 ms
2020-04-01 13:57:51.529 [main] INFO  o.s.scheduling.concurrent.ThreadPoolTaskExecutor 181- Initializing ExecutorService 'applicationTaskExecutor'
2020-04-01 13:57:51.691 [main] INFO  o.s.b.a.web.servlet.WelcomePageHandlerMapping 58- Adding welcome page template: index
2020-04-01 13:57:51.856 [main] WARN  org.thymeleaf.templatemode.TemplateMode 150- [THYMELEAF][main] Template Mode 'HTML5' is deprecated. Using Template Mode 'HTML' instead.
2020-04-01 13:57:52.409 [main] INFO  org.apache.coyote.http11.Http11NioProtocol 173- Starting ProtocolHandler ["http-nio-9011"]
2020-04-01 13:57:52.462 [main] INFO  o.s.boot.web.embedded.tomcat.TomcatWebServer 204- Tomcat started on port(s): 9011 (http) with context path ''
2020-04-01 13:57:52.465 [main] INFO  com.myself.shiroproject.ShiroprojectApplication 61- Started ShiroprojectApplication in 9.269 seconds (JVM running for 15.099)
