2020-04-21 16:57:01.625 [main] INFO  com.myself.shiroproject.ShiroprojectApplication 55- Starting ShiroprojectApplication on DESKTOP-684PCSN with PID 9436 (D:\Users\project\layui\shiroproject\target\classes started by vici in D:\Users\project\layui\shiroproject)
2020-04-21 16:57:01.665 [main] DEBUG com.myself.shiroproject.ShiroprojectApplication 56- Running with Spring Boot v2.2.5.RELEASE, Spring v5.2.4.RELEASE
2020-04-21 16:57:01.665 [main] INFO  com.myself.shiroproject.ShiroprojectApplication 655- The following profiles are active: dev
2020-04-21 16:57:04.608 [main] INFO  o.s.c.s.PostProcessorRegistrationDelegate$BeanPostProcessorChecker 330- Bean 'shiroConfiguration' of type [com.myself.shiroproject.config.shiro.ShiroConfiguration$$EnhancerBySpringCGLIB$$a8f4a85b] is not eligible for getting processed by all BeanPostProcessors (for example: not eligible for auto-proxying)
2020-04-21 16:57:04.699 [main] INFO  o.s.c.s.PostProcessorRegistrationDelegate$BeanPostProcessorChecker 330- Bean 'hashedCredentialsMatcher' of type [org.apache.shiro.authc.credential.HashedCredentialsMatcher] is not eligible for getting processed by all BeanPostProcessors (for example: not eligible for auto-proxying)
2020-04-21 16:57:04.839 [main] INFO  o.s.c.s.PostProcessorRegistrationDelegate$BeanPostProcessorChecker 330- Bean 'mybatis-plus-com.baomidou.mybatisplus.autoconfigure.MybatisPlusProperties' of type [com.baomidou.mybatisplus.autoconfigure.MybatisPlusProperties] is not eligible for getting processed by all BeanPostProcessors (for example: not eligible for auto-proxying)
2020-04-21 16:57:04.842 [main] INFO  o.s.c.s.PostProcessorRegistrationDelegate$BeanPostProcessorChecker 330- Bean 'mybatisPlusConfigure' of type [com.myself.shiroproject.config.pageconfig.MybatisPlusConfigure$$EnhancerBySpringCGLIB$$b5552a11] is not eligible for getting processed by all BeanPostProcessors (for example: not eligible for auto-proxying)
2020-04-21 16:57:04.876 [main] INFO  o.s.c.s.PostProcessorRegistrationDelegate$BeanPostProcessorChecker 330- Bean 'paginationInterceptor' of type [com.baomidou.mybatisplus.extension.plugins.PaginationInterceptor] is not eligible for getting processed by all BeanPostProcessors (for example: not eligible for auto-proxying)
2020-04-21 16:57:04.883 [main] INFO  o.s.c.s.PostProcessorRegistrationDelegate$BeanPostProcessorChecker 330- Bean 'com.baomidou.mybatisplus.autoconfigure.MybatisPlusAutoConfiguration' of type [com.baomidou.mybatisplus.autoconfigure.MybatisPlusAutoConfiguration$$EnhancerBySpringCGLIB$$ed044c1f] is not eligible for getting processed by all BeanPostProcessors (for example: not eligible for auto-proxying)
2020-04-21 16:57:04.911 [main] INFO  o.s.c.s.PostProcessorRegistrationDelegate$BeanPostProcessorChecker 330- Bean 'spring.datasource.dynamic-com.baomidou.dynamic.datasource.spring.boot.autoconfigure.DynamicDataSourceProperties' of type [com.baomidou.dynamic.datasource.spring.boot.autoconfigure.DynamicDataSourceProperties] is not eligible for getting processed by all BeanPostProcessors (for example: not eligible for auto-proxying)
2020-04-21 16:57:04.914 [main] INFO  o.s.c.s.PostProcessorRegistrationDelegate$BeanPostProcessorChecker 330- Bean 'com.baomidou.dynamic.datasource.spring.boot.autoconfigure.DynamicDataSourceAutoConfiguration' of type [com.baomidou.dynamic.datasource.spring.boot.autoconfigure.DynamicDataSourceAutoConfiguration$$EnhancerBySpringCGLIB$$18ca5056] is not eligible for getting processed by all BeanPostProcessors (for example: not eligible for auto-proxying)
2020-04-21 16:57:04.923 [main] INFO  o.s.c.s.PostProcessorRegistrationDelegate$BeanPostProcessorChecker 330- Bean 'dynamicDataSourceCreator' of type [com.baomidou.dynamic.datasource.DynamicDataSourceCreator] is not eligible for getting processed by all BeanPostProcessors (for example: not eligible for auto-proxying)
2020-04-21 16:57:04.925 [main] INFO  o.s.c.s.PostProcessorRegistrationDelegate$BeanPostProcessorChecker 330- Bean 'dynamicDataSourceProvider' of type [com.baomidou.dynamic.datasource.provider.YmlDynamicDataSourceProvider] is not eligible for getting processed by all BeanPostProcessors (for example: not eligible for auto-proxying)
2020-04-21 16:57:04.987 [main] INFO  com.zaxxer.hikari.HikariDataSource 80- base - Starting...
2020-04-21 16:57:05.555 [main] INFO  com.zaxxer.hikari.HikariDataSource 82- base - Start completed.
2020-04-21 16:57:05.556 [main] INFO  c.b.dynamic.datasource.DynamicRoutingDataSource 189- 初始共加载 1 个数据源
2020-04-21 16:57:05.556 [main] INFO  c.b.dynamic.datasource.DynamicRoutingDataSource 135- 动态数据源-加载 base 成功
2020-04-21 16:57:05.557 [main] INFO  c.b.dynamic.datasource.DynamicRoutingDataSource 198- 当前的默认数据源是单数据源，数据源名为 base
2020-04-21 16:57:05.557 [main] INFO  o.s.c.s.PostProcessorRegistrationDelegate$BeanPostProcessorChecker 330- Bean 'dataSource' of type [com.baomidou.dynamic.datasource.DynamicRoutingDataSource] is not eligible for getting processed by all BeanPostProcessors (for example: not eligible for auto-proxying)
2020-04-21 16:57:05.693 [main] INFO  o.s.c.s.PostProcessorRegistrationDelegate$BeanPostProcessorChecker 330- Bean 'iSqlInjector' of type [com.baomidou.mybatisplus.extension.injector.LogicSqlInjector] is not eligible for getting processed by all BeanPostProcessors (for example: not eligible for auto-proxying)
2020-04-21 16:57:06.593 [main] INFO  o.s.c.s.PostProcessorRegistrationDelegate$BeanPostProcessorChecker 330- Bean 'sqlSessionFactory' of type [org.apache.ibatis.session.defaults.DefaultSqlSessionFactory] is not eligible for getting processed by all BeanPostProcessors (for example: not eligible for auto-proxying)
2020-04-21 16:57:06.599 [main] INFO  o.s.c.s.PostProcessorRegistrationDelegate$BeanPostProcessorChecker 330- Bean 'sqlSessionTemplate' of type [org.mybatis.spring.SqlSessionTemplate] is not eligible for getting processed by all BeanPostProcessors (for example: not eligible for auto-proxying)
2020-04-21 16:57:06.599 [main] INFO  o.s.c.s.PostProcessorRegistrationDelegate$BeanPostProcessorChecker 330- Bean 'userMapper' of type [org.mybatis.spring.mapper.MapperFactoryBean] is not eligible for getting processed by all BeanPostProcessors (for example: not eligible for auto-proxying)
2020-04-21 16:57:06.601 [main] INFO  o.s.c.s.PostProcessorRegistrationDelegate$BeanPostProcessorChecker 330- Bean 'userMapper' of type [com.sun.proxy.$Proxy69] is not eligible for getting processed by all BeanPostProcessors (for example: not eligible for auto-proxying)
2020-04-21 16:57:06.601 [main] INFO  o.s.c.s.PostProcessorRegistrationDelegate$BeanPostProcessorChecker 330- Bean 'loginServiceImpl' of type [com.myself.shiroproject.service.impl.LoginServiceImpl] is not eligible for getting processed by all BeanPostProcessors (for example: not eligible for auto-proxying)
2020-04-21 16:57:06.603 [main] INFO  o.s.c.s.PostProcessorRegistrationDelegate$BeanPostProcessorChecker 330- Bean 'roleMapper' of type [org.mybatis.spring.mapper.MapperFactoryBean] is not eligible for getting processed by all BeanPostProcessors (for example: not eligible for auto-proxying)
2020-04-21 16:57:06.604 [main] INFO  o.s.c.s.PostProcessorRegistrationDelegate$BeanPostProcessorChecker 330- Bean 'roleMapper' of type [com.sun.proxy.$Proxy70] is not eligible for getting processed by all BeanPostProcessors (for example: not eligible for auto-proxying)
2020-04-21 16:57:06.604 [main] INFO  o.s.c.s.PostProcessorRegistrationDelegate$BeanPostProcessorChecker 330- Bean 'roleServiceImpl' of type [com.myself.shiroproject.service.impl.RoleServiceImpl] is not eligible for getting processed by all BeanPostProcessors (for example: not eligible for auto-proxying)
2020-04-21 16:57:06.606 [main] INFO  o.s.c.s.PostProcessorRegistrationDelegate$BeanPostProcessorChecker 330- Bean 'permissionsMapper' of type [org.mybatis.spring.mapper.MapperFactoryBean] is not eligible for getting processed by all BeanPostProcessors (for example: not eligible for auto-proxying)
2020-04-21 16:57:06.606 [main] INFO  o.s.c.s.PostProcessorRegistrationDelegate$BeanPostProcessorChecker 330- Bean 'permissionsMapper' of type [com.sun.proxy.$Proxy71] is not eligible for getting processed by all BeanPostProcessors (for example: not eligible for auto-proxying)
2020-04-21 16:57:06.607 [main] INFO  o.s.c.s.PostProcessorRegistrationDelegate$BeanPostProcessorChecker 330- Bean 'permissionsServiceImpl' of type [com.myself.shiroproject.service.impl.permissionsServiceImpl] is not eligible for getting processed by all BeanPostProcessors (for example: not eligible for auto-proxying)
2020-04-21 16:57:06.607 [main] INFO  o.s.c.s.PostProcessorRegistrationDelegate$BeanPostProcessorChecker 330- Bean 'authRealm' of type [com.myself.shiroproject.config.shiro.AuthRealm] is not eligible for getting processed by all BeanPostProcessors (for example: not eligible for auto-proxying)
2020-04-21 16:57:07.174 [main] INFO  o.s.c.s.PostProcessorRegistrationDelegate$BeanPostProcessorChecker 330- Bean 'securityManager' of type [org.apache.shiro.web.mgt.DefaultWebSecurityManager] is not eligible for getting processed by all BeanPostProcessors (for example: not eligible for auto-proxying)
2020-04-21 16:57:07.250 [main] INFO  o.s.c.s.PostProcessorRegistrationDelegate$BeanPostProcessorChecker 330- Bean 'authorizationAttributeSourceAdvisor' of type [org.apache.shiro.spring.security.interceptor.AuthorizationAttributeSourceAdvisor] is not eligible for getting processed by all BeanPostProcessors (for example: not eligible for auto-proxying)
2020-04-21 16:57:07.335 [main] INFO  o.s.c.s.PostProcessorRegistrationDelegate$BeanPostProcessorChecker 330- Bean 'dsProcessor' of type [com.baomidou.dynamic.datasource.processor.DsHeaderProcessor] is not eligible for getting processed by all BeanPostProcessors (for example: not eligible for auto-proxying)
2020-04-21 16:57:07.349 [main] INFO  o.s.c.s.PostProcessorRegistrationDelegate$BeanPostProcessorChecker 330- Bean 'dynamicDatasourceAnnotationAdvisor' of type [com.baomidou.dynamic.datasource.aop.DynamicDataSourceAnnotationAdvisor] is not eligible for getting processed by all BeanPostProcessors (for example: not eligible for auto-proxying)
2020-04-21 16:57:08.030 [main] INFO  o.s.boot.web.embedded.tomcat.TomcatWebServer 92- Tomcat initialized with port(s): 9011 (http)
2020-04-21 16:57:08.062 [main] INFO  org.apache.coyote.http11.Http11NioProtocol 173- Initializing ProtocolHandler ["http-nio-9011"]
2020-04-21 16:57:08.063 [main] INFO  org.apache.catalina.core.StandardService 173- Starting service [Tomcat]
2020-04-21 16:57:08.063 [main] INFO  org.apache.catalina.core.StandardEngine 173- Starting Servlet engine: [Apache Tomcat/9.0.31]
2020-04-21 16:57:08.565 [main] INFO  o.a.c.core.ContainerBase.[Tomcat].[localhost].[/] 173- Initializing Spring embedded WebApplicationContext
2020-04-21 16:57:08.566 [main] INFO  org.springframework.web.context.ContextLoader 284- Root WebApplicationContext: initialization completed in 6693 ms
2020-04-21 16:57:08.967 [main] INFO  o.s.scheduling.concurrent.ThreadPoolTaskExecutor 181- Initializing ExecutorService 'applicationTaskExecutor'
2020-04-21 16:57:09.083 [main] INFO  o.s.b.a.web.servlet.WelcomePageHandlerMapping 58- Adding welcome page template: index
2020-04-21 16:57:09.181 [main] WARN  org.thymeleaf.templatemode.TemplateMode 150- [THYMELEAF][main] Template Mode 'HTML5' is deprecated. Using Template Mode 'HTML' instead.
2020-04-21 16:57:09.664 [main] INFO  org.apache.coyote.http11.Http11NioProtocol 173- Starting ProtocolHandler ["http-nio-9011"]
2020-04-21 16:57:09.714 [main] INFO  o.s.boot.web.embedded.tomcat.TomcatWebServer 204- Tomcat started on port(s): 9011 (http) with context path ''
2020-04-21 16:57:09.717 [main] INFO  com.myself.shiroproject.ShiroprojectApplication 61- Started ShiroprojectApplication in 9.722 seconds (JVM running for 14.196)
2020-04-21 16:58:19.009 [http-nio-9011-exec-1] INFO  o.a.c.core.ContainerBase.[Tomcat].[localhost].[/] 173- Initializing Spring DispatcherServlet 'dispatcherServlet'
2020-04-21 16:58:19.009 [http-nio-9011-exec-1] INFO  org.springframework.web.servlet.DispatcherServlet 525- Initializing Servlet 'dispatcherServlet'
2020-04-21 16:58:19.016 [http-nio-9011-exec-1] INFO  org.springframework.web.servlet.DispatcherServlet 547- Completed initialization in 7 ms
2020-04-21 16:58:31.526 [http-nio-9011-exec-1] DEBUG com.myself.shiroproject.dao.UserMapper.searchUser 159- ==>  Preparing: SELECT * FROM USER WHERE user_name= ? 
2020-04-21 16:58:31.540 [http-nio-9011-exec-1] DEBUG com.myself.shiroproject.dao.UserMapper.searchUser 159- ==> Parameters: admin(String)
2020-04-21 16:58:31.741 [http-nio-9011-exec-1] DEBUG com.myself.shiroproject.dao.UserMapper.searchUser 159- <==      Total: 1
2020-04-21 16:58:34.132 [http-nio-9011-exec-2] WARN  org.springframework.web.servlet.PageNotFound 1251- No mapping for GET /favicon.ico
2020-04-21 16:58:56.312 [main] INFO  com.myself.shiroproject.ShiroprojectApplication 55- Starting ShiroprojectApplication on DESKTOP-684PCSN with PID 8408 (D:\Users\project\layui\shiroproject\target\classes started by vici in D:\Users\project\layui\shiroproject)
2020-04-21 16:58:56.316 [main] DEBUG com.myself.shiroproject.ShiroprojectApplication 56- Running with Spring Boot v2.2.5.RELEASE, Spring v5.2.4.RELEASE
2020-04-21 16:58:56.316 [main] INFO  com.myself.shiroproject.ShiroprojectApplication 655- The following profiles are active: dev
2020-04-21 16:58:57.187 [main] INFO  o.s.c.s.PostProcessorRegistrationDelegate$BeanPostProcessorChecker 330- Bean 'shiroConfiguration' of type [com.myself.shiroproject.config.shiro.ShiroConfiguration$$EnhancerBySpringCGLIB$$77dad825] is not eligible for getting processed by all BeanPostProcessors (for example: not eligible for auto-proxying)
2020-04-21 16:58:57.228 [main] INFO  o.s.c.s.PostProcessorRegistrationDelegate$BeanPostProcessorChecker 330- Bean 'hashedCredentialsMatcher' of type [org.apache.shiro.authc.credential.HashedCredentialsMatcher] is not eligible for getting processed by all BeanPostProcessors (for example: not eligible for auto-proxying)
2020-04-21 16:58:57.296 [main] INFO  o.s.c.s.PostProcessorRegistrationDelegate$BeanPostProcessorChecker 330- Bean 'mybatis-plus-com.baomidou.mybatisplus.autoconfigure.MybatisPlusProperties' of type [com.baomidou.mybatisplus.autoconfigure.MybatisPlusProperties] is not eligible for getting processed by all BeanPostProcessors (for example: not eligible for auto-proxying)
2020-04-21 16:58:57.299 [main] INFO  o.s.c.s.PostProcessorRegistrationDelegate$BeanPostProcessorChecker 330- Bean 'mybatisPlusConfigure' of type [com.myself.shiroproject.config.pageconfig.MybatisPlusConfigure$$EnhancerBySpringCGLIB$$843b59db] is not eligible for getting processed by all BeanPostProcessors (for example: not eligible for auto-proxying)
2020-04-21 16:58:57.302 [main] INFO  o.s.c.s.PostProcessorRegistrationDelegate$BeanPostProcessorChecker 330- Bean 'paginationInterceptor' of type [com.baomidou.mybatisplus.extension.plugins.PaginationInterceptor] is not eligible for getting processed by all BeanPostProcessors (for example: not eligible for auto-proxying)
2020-04-21 16:58:57.304 [main] INFO  o.s.c.s.PostProcessorRegistrationDelegate$BeanPostProcessorChecker 330- Bean 'com.baomidou.mybatisplus.autoconfigure.MybatisPlusAutoConfiguration' of type [com.baomidou.mybatisplus.autoconfigure.MybatisPlusAutoConfiguration$$EnhancerBySpringCGLIB$$bbea7be9] is not eligible for getting processed by all BeanPostProcessors (for example: not eligible for auto-proxying)
2020-04-21 16:58:57.313 [main] INFO  o.s.c.s.PostProcessorRegistrationDelegate$BeanPostProcessorChecker 330- Bean 'spring.datasource.dynamic-com.baomidou.dynamic.datasource.spring.boot.autoconfigure.DynamicDataSourceProperties' of type [com.baomidou.dynamic.datasource.spring.boot.autoconfigure.DynamicDataSourceProperties] is not eligible for getting processed by all BeanPostProcessors (for example: not eligible for auto-proxying)
2020-04-21 16:58:57.314 [main] INFO  o.s.c.s.PostProcessorRegistrationDelegate$BeanPostProcessorChecker 330- Bean 'com.baomidou.dynamic.datasource.spring.boot.autoconfigure.DynamicDataSourceAutoConfiguration' of type [com.baomidou.dynamic.datasource.spring.boot.autoconfigure.DynamicDataSourceAutoConfiguration$$EnhancerBySpringCGLIB$$e7b08020] is not eligible for getting processed by all BeanPostProcessors (for example: not eligible for auto-proxying)
2020-04-21 16:58:57.319 [main] INFO  o.s.c.s.PostProcessorRegistrationDelegate$BeanPostProcessorChecker 330- Bean 'dynamicDataSourceCreator' of type [com.baomidou.dynamic.datasource.DynamicDataSourceCreator] is not eligible for getting processed by all BeanPostProcessors (for example: not eligible for auto-proxying)
2020-04-21 16:58:57.320 [main] INFO  o.s.c.s.PostProcessorRegistrationDelegate$BeanPostProcessorChecker 330- Bean 'dynamicDataSourceProvider' of type [com.baomidou.dynamic.datasource.provider.YmlDynamicDataSourceProvider] is not eligible for getting processed by all BeanPostProcessors (for example: not eligible for auto-proxying)
2020-04-21 16:58:57.328 [main] INFO  com.zaxxer.hikari.HikariDataSource 80- base - Starting...
2020-04-21 16:58:57.462 [main] INFO  com.zaxxer.hikari.HikariDataSource 82- base - Start completed.
2020-04-21 16:58:57.462 [main] INFO  c.b.dynamic.datasource.DynamicRoutingDataSource 189- 初始共加载 1 个数据源
2020-04-21 16:58:57.463 [main] INFO  c.b.dynamic.datasource.DynamicRoutingDataSource 135- 动态数据源-加载 base 成功
2020-04-21 16:58:57.463 [main] INFO  c.b.dynamic.datasource.DynamicRoutingDataSource 198- 当前的默认数据源是单数据源，数据源名为 base
2020-04-21 16:58:57.463 [main] INFO  o.s.c.s.PostProcessorRegistrationDelegate$BeanPostProcessorChecker 330- Bean 'dataSource' of type [com.baomidou.dynamic.datasource.DynamicRoutingDataSource] is not eligible for getting processed by all BeanPostProcessors (for example: not eligible for auto-proxying)
2020-04-21 16:58:57.521 [main] INFO  o.s.c.s.PostProcessorRegistrationDelegate$BeanPostProcessorChecker 330- Bean 'iSqlInjector' of type [com.baomidou.mybatisplus.extension.injector.LogicSqlInjector] is not eligible for getting processed by all BeanPostProcessors (for example: not eligible for auto-proxying)
2020-04-21 16:58:57.761 [main] INFO  o.s.c.s.PostProcessorRegistrationDelegate$BeanPostProcessorChecker 330- Bean 'sqlSessionFactory' of type [org.apache.ibatis.session.defaults.DefaultSqlSessionFactory] is not eligible for getting processed by all BeanPostProcessors (for example: not eligible for auto-proxying)
2020-04-21 16:58:57.764 [main] INFO  o.s.c.s.PostProcessorRegistrationDelegate$BeanPostProcessorChecker 330- Bean 'sqlSessionTemplate' of type [org.mybatis.spring.SqlSessionTemplate] is not eligible for getting processed by all BeanPostProcessors (for example: not eligible for auto-proxying)
2020-04-21 16:58:57.765 [main] INFO  o.s.c.s.PostProcessorRegistrationDelegate$BeanPostProcessorChecker 330- Bean 'userMapper' of type [org.mybatis.spring.mapper.MapperFactoryBean] is not eligible for getting processed by all BeanPostProcessors (for example: not eligible for auto-proxying)
2020-04-21 16:58:57.766 [main] INFO  o.s.c.s.PostProcessorRegistrationDelegate$BeanPostProcessorChecker 330- Bean 'userMapper' of type [com.sun.proxy.$Proxy69] is not eligible for getting processed by all BeanPostProcessors (for example: not eligible for auto-proxying)
2020-04-21 16:58:57.767 [main] INFO  o.s.c.s.PostProcessorRegistrationDelegate$BeanPostProcessorChecker 330- Bean 'loginServiceImpl' of type [com.myself.shiroproject.service.impl.LoginServiceImpl] is not eligible for getting processed by all BeanPostProcessors (for example: not eligible for auto-proxying)
2020-04-21 16:58:57.768 [main] INFO  o.s.c.s.PostProcessorRegistrationDelegate$BeanPostProcessorChecker 330- Bean 'roleMapper' of type [org.mybatis.spring.mapper.MapperFactoryBean] is not eligible for getting processed by all BeanPostProcessors (for example: not eligible for auto-proxying)
2020-04-21 16:58:57.769 [main] INFO  o.s.c.s.PostProcessorRegistrationDelegate$BeanPostProcessorChecker 330- Bean 'roleMapper' of type [com.sun.proxy.$Proxy70] is not eligible for getting processed by all BeanPostProcessors (for example: not eligible for auto-proxying)
2020-04-21 16:58:57.769 [main] INFO  o.s.c.s.PostProcessorRegistrationDelegate$BeanPostProcessorChecker 330- Bean 'roleServiceImpl' of type [com.myself.shiroproject.service.impl.RoleServiceImpl] is not eligible for getting processed by all BeanPostProcessors (for example: not eligible for auto-proxying)
2020-04-21 16:58:57.771 [main] INFO  o.s.c.s.PostProcessorRegistrationDelegate$BeanPostProcessorChecker 330- Bean 'permissionsMapper' of type [org.mybatis.spring.mapper.MapperFactoryBean] is not eligible for getting processed by all BeanPostProcessors (for example: not eligible for auto-proxying)
2020-04-21 16:58:57.772 [main] INFO  o.s.c.s.PostProcessorRegistrationDelegate$BeanPostProcessorChecker 330- Bean 'permissionsMapper' of type [com.sun.proxy.$Proxy71] is not eligible for getting processed by all BeanPostProcessors (for example: not eligible for auto-proxying)
2020-04-21 16:58:57.772 [main] INFO  o.s.c.s.PostProcessorRegistrationDelegate$BeanPostProcessorChecker 330- Bean 'permissionsServiceImpl' of type [com.myself.shiroproject.service.impl.permissionsServiceImpl] is not eligible for getting processed by all BeanPostProcessors (for example: not eligible for auto-proxying)
2020-04-21 16:58:57.773 [main] INFO  o.s.c.s.PostProcessorRegistrationDelegate$BeanPostProcessorChecker 330- Bean 'authRealm' of type [com.myself.shiroproject.config.shiro.AuthRealm] is not eligible for getting processed by all BeanPostProcessors (for example: not eligible for auto-proxying)
2020-04-21 16:58:58.022 [main] INFO  o.s.c.s.PostProcessorRegistrationDelegate$BeanPostProcessorChecker 330- Bean 'securityManager' of type [org.apache.shiro.web.mgt.DefaultWebSecurityManager] is not eligible for getting processed by all BeanPostProcessors (for example: not eligible for auto-proxying)
2020-04-21 16:58:58.064 [main] INFO  o.s.c.s.PostProcessorRegistrationDelegate$BeanPostProcessorChecker 330- Bean 'authorizationAttributeSourceAdvisor' of type [org.apache.shiro.spring.security.interceptor.AuthorizationAttributeSourceAdvisor] is not eligible for getting processed by all BeanPostProcessors (for example: not eligible for auto-proxying)
2020-04-21 16:58:58.094 [main] INFO  o.s.c.s.PostProcessorRegistrationDelegate$BeanPostProcessorChecker 330- Bean 'dsProcessor' of type [com.baomidou.dynamic.datasource.processor.DsHeaderProcessor] is not eligible for getting processed by all BeanPostProcessors (for example: not eligible for auto-proxying)
2020-04-21 16:58:58.100 [main] INFO  o.s.c.s.PostProcessorRegistrationDelegate$BeanPostProcessorChecker 330- Bean 'dynamicDatasourceAnnotationAdvisor' of type [com.baomidou.dynamic.datasource.aop.DynamicDataSourceAnnotationAdvisor] is not eligible for getting processed by all BeanPostProcessors (for example: not eligible for auto-proxying)
2020-04-21 16:58:58.396 [main] INFO  o.s.boot.web.embedded.tomcat.TomcatWebServer 92- Tomcat initialized with port(s): 9011 (http)
2020-04-21 16:58:58.406 [main] INFO  org.apache.coyote.http11.Http11NioProtocol 173- Initializing ProtocolHandler ["http-nio-9011"]
2020-04-21 16:58:58.407 [main] INFO  org.apache.catalina.core.StandardService 173- Starting service [Tomcat]
2020-04-21 16:58:58.407 [main] INFO  org.apache.catalina.core.StandardEngine 173- Starting Servlet engine: [Apache Tomcat/9.0.31]
2020-04-21 16:58:58.726 [main] INFO  o.a.c.core.ContainerBase.[Tomcat].[localhost].[/] 173- Initializing Spring embedded WebApplicationContext
2020-04-21 16:58:58.726 [main] INFO  org.springframework.web.context.ContextLoader 284- Root WebApplicationContext: initialization completed in 2324 ms
2020-04-21 16:58:58.999 [main] INFO  o.s.scheduling.concurrent.ThreadPoolTaskExecutor 181- Initializing ExecutorService 'applicationTaskExecutor'
2020-04-21 16:58:59.087 [main] INFO  o.s.b.a.web.servlet.WelcomePageHandlerMapping 58- Adding welcome page template: index
2020-04-21 16:58:59.171 [main] WARN  org.thymeleaf.templatemode.TemplateMode 150- [THYMELEAF][main] Template Mode 'HTML5' is deprecated. Using Template Mode 'HTML' instead.
2020-04-21 16:58:59.327 [main] INFO  org.apache.coyote.http11.Http11NioProtocol 173- Starting ProtocolHandler ["http-nio-9011"]
2020-04-21 16:58:59.350 [main] INFO  o.s.boot.web.embedded.tomcat.TomcatWebServer 204- Tomcat started on port(s): 9011 (http) with context path ''
2020-04-21 16:58:59.353 [main] INFO  com.myself.shiroproject.ShiroprojectApplication 61- Started ShiroprojectApplication in 3.663 seconds (JVM running for 4.848)
2020-04-21 16:59:22.980 [http-nio-9011-exec-1] INFO  o.a.c.core.ContainerBase.[Tomcat].[localhost].[/] 173- Initializing Spring DispatcherServlet 'dispatcherServlet'
2020-04-21 16:59:22.981 [http-nio-9011-exec-1] INFO  org.springframework.web.servlet.DispatcherServlet 525- Initializing Servlet 'dispatcherServlet'
2020-04-21 16:59:22.988 [http-nio-9011-exec-1] INFO  org.springframework.web.servlet.DispatcherServlet 547- Completed initialization in 7 ms
2020-04-21 17:23:47.105 [main] INFO  com.myself.shiroproject.ShiroprojectApplication 55- Starting ShiroprojectApplication on DESKTOP-684PCSN with PID 5876 (D:\Users\project\layui\shiroproject\target\classes started by vici in D:\Users\project\layui\shiroproject)
2020-04-21 17:23:47.108 [main] DEBUG com.myself.shiroproject.ShiroprojectApplication 56- Running with Spring Boot v2.2.5.RELEASE, Spring v5.2.4.RELEASE
2020-04-21 17:23:47.117 [main] INFO  com.myself.shiroproject.ShiroprojectApplication 655- The following profiles are active: dev
2020-04-21 17:23:47.941 [main] INFO  o.s.c.s.PostProcessorRegistrationDelegate$BeanPostProcessorChecker 330- Bean 'shiroConfiguration' of type [com.myself.shiroproject.config.shiro.ShiroConfiguration$$EnhancerBySpringCGLIB$$b0277cca] is not eligible for getting processed by all BeanPostProcessors (for example: not eligible for auto-proxying)
2020-04-21 17:23:47.982 [main] INFO  o.s.c.s.PostProcessorRegistrationDelegate$BeanPostProcessorChecker 330- Bean 'hashedCredentialsMatcher' of type [org.apache.shiro.authc.credential.HashedCredentialsMatcher] is not eligible for getting processed by all BeanPostProcessors (for example: not eligible for auto-proxying)
2020-04-21 17:23:48.047 [main] INFO  o.s.c.s.PostProcessorRegistrationDelegate$BeanPostProcessorChecker 330- Bean 'mybatis-plus-com.baomidou.mybatisplus.autoconfigure.MybatisPlusProperties' of type [com.baomidou.mybatisplus.autoconfigure.MybatisPlusProperties] is not eligible for getting processed by all BeanPostProcessors (for example: not eligible for auto-proxying)
2020-04-21 17:23:48.051 [main] INFO  o.s.c.s.PostProcessorRegistrationDelegate$BeanPostProcessorChecker 330- Bean 'mybatisPlusConfigure' of type [com.myself.shiroproject.config.pageconfig.MybatisPlusConfigure$$EnhancerBySpringCGLIB$$bc87fe80] is not eligible for getting processed by all BeanPostProcessors (for example: not eligible for auto-proxying)
2020-04-21 17:23:48.055 [main] INFO  o.s.c.s.PostProcessorRegistrationDelegate$BeanPostProcessorChecker 330- Bean 'paginationInterceptor' of type [com.baomidou.mybatisplus.extension.plugins.PaginationInterceptor] is not eligible for getting processed by all BeanPostProcessors (for example: not eligible for auto-proxying)
2020-04-21 17:23:48.057 [main] INFO  o.s.c.s.PostProcessorRegistrationDelegate$BeanPostProcessorChecker 330- Bean 'com.baomidou.mybatisplus.autoconfigure.MybatisPlusAutoConfiguration' of type [com.baomidou.mybatisplus.autoconfigure.MybatisPlusAutoConfiguration$$EnhancerBySpringCGLIB$$f437208e] is not eligible for getting processed by all BeanPostProcessors (for example: not eligible for auto-proxying)
2020-04-21 17:23:48.066 [main] INFO  o.s.c.s.PostProcessorRegistrationDelegate$BeanPostProcessorChecker 330- Bean 'spring.datasource.dynamic-com.baomidou.dynamic.datasource.spring.boot.autoconfigure.DynamicDataSourceProperties' of type [com.baomidou.dynamic.datasource.spring.boot.autoconfigure.DynamicDataSourceProperties] is not eligible for getting processed by all BeanPostProcessors (for example: not eligible for auto-proxying)
2020-04-21 17:23:48.067 [main] INFO  o.s.c.s.PostProcessorRegistrationDelegate$BeanPostProcessorChecker 330- Bean 'com.baomidou.dynamic.datasource.spring.boot.autoconfigure.DynamicDataSourceAutoConfiguration' of type [com.baomidou.dynamic.datasource.spring.boot.autoconfigure.DynamicDataSourceAutoConfiguration$$EnhancerBySpringCGLIB$$1ffd24c5] is not eligible for getting processed by all BeanPostProcessors (for example: not eligible for auto-proxying)
2020-04-21 17:23:48.072 [main] INFO  o.s.c.s.PostProcessorRegistrationDelegate$BeanPostProcessorChecker 330- Bean 'dynamicDataSourceCreator' of type [com.baomidou.dynamic.datasource.DynamicDataSourceCreator] is not eligible for getting processed by all BeanPostProcessors (for example: not eligible for auto-proxying)
2020-04-21 17:23:48.073 [main] INFO  o.s.c.s.PostProcessorRegistrationDelegate$BeanPostProcessorChecker 330- Bean 'dynamicDataSourceProvider' of type [com.baomidou.dynamic.datasource.provider.YmlDynamicDataSourceProvider] is not eligible for getting processed by all BeanPostProcessors (for example: not eligible for auto-proxying)
2020-04-21 17:23:48.081 [main] INFO  com.zaxxer.hikari.HikariDataSource 80- base - Starting...
2020-04-21 17:23:48.225 [main] INFO  com.zaxxer.hikari.HikariDataSource 82- base - Start completed.
2020-04-21 17:23:48.226 [main] INFO  c.b.dynamic.datasource.DynamicRoutingDataSource 189- 初始共加载 1 个数据源
2020-04-21 17:23:48.226 [main] INFO  c.b.dynamic.datasource.DynamicRoutingDataSource 135- 动态数据源-加载 base 成功
2020-04-21 17:23:48.226 [main] INFO  c.b.dynamic.datasource.DynamicRoutingDataSource 198- 当前的默认数据源是单数据源，数据源名为 base
2020-04-21 17:23:48.226 [main] INFO  o.s.c.s.PostProcessorRegistrationDelegate$BeanPostProcessorChecker 330- Bean 'dataSource' of type [com.baomidou.dynamic.datasource.DynamicRoutingDataSource] is not eligible for getting processed by all BeanPostProcessors (for example: not eligible for auto-proxying)
2020-04-21 17:23:48.283 [main] INFO  o.s.c.s.PostProcessorRegistrationDelegate$BeanPostProcessorChecker 330- Bean 'iSqlInjector' of type [com.baomidou.mybatisplus.extension.injector.LogicSqlInjector] is not eligible for getting processed by all BeanPostProcessors (for example: not eligible for auto-proxying)
2020-04-21 17:23:48.508 [main] INFO  o.s.c.s.PostProcessorRegistrationDelegate$BeanPostProcessorChecker 330- Bean 'sqlSessionFactory' of type [org.apache.ibatis.session.defaults.DefaultSqlSessionFactory] is not eligible for getting processed by all BeanPostProcessors (for example: not eligible for auto-proxying)
2020-04-21 17:23:48.512 [main] INFO  o.s.c.s.PostProcessorRegistrationDelegate$BeanPostProcessorChecker 330- Bean 'sqlSessionTemplate' of type [org.mybatis.spring.SqlSessionTemplate] is not eligible for getting processed by all BeanPostProcessors (for example: not eligible for auto-proxying)
2020-04-21 17:23:48.512 [main] INFO  o.s.c.s.PostProcessorRegistrationDelegate$BeanPostProcessorChecker 330- Bean 'userMapper' of type [org.mybatis.spring.mapper.MapperFactoryBean] is not eligible for getting processed by all BeanPostProcessors (for example: not eligible for auto-proxying)
2020-04-21 17:23:48.514 [main] INFO  o.s.c.s.PostProcessorRegistrationDelegate$BeanPostProcessorChecker 330- Bean 'userMapper' of type [com.sun.proxy.$Proxy69] is not eligible for getting processed by all BeanPostProcessors (for example: not eligible for auto-proxying)
2020-04-21 17:23:48.514 [main] INFO  o.s.c.s.PostProcessorRegistrationDelegate$BeanPostProcessorChecker 330- Bean 'loginServiceImpl' of type [com.myself.shiroproject.service.impl.LoginServiceImpl] is not eligible for getting processed by all BeanPostProcessors (for example: not eligible for auto-proxying)
2020-04-21 17:23:48.516 [main] INFO  o.s.c.s.PostProcessorRegistrationDelegate$BeanPostProcessorChecker 330- Bean 'roleMapper' of type [org.mybatis.spring.mapper.MapperFactoryBean] is not eligible for getting processed by all BeanPostProcessors (for example: not eligible for auto-proxying)
2020-04-21 17:23:48.516 [main] INFO  o.s.c.s.PostProcessorRegistrationDelegate$BeanPostProcessorChecker 330- Bean 'roleMapper' of type [com.sun.proxy.$Proxy70] is not eligible for getting processed by all BeanPostProcessors (for example: not eligible for auto-proxying)
2020-04-21 17:23:48.517 [main] INFO  o.s.c.s.PostProcessorRegistrationDelegate$BeanPostProcessorChecker 330- Bean 'roleServiceImpl' of type [com.myself.shiroproject.service.impl.RoleServiceImpl] is not eligible for getting processed by all BeanPostProcessors (for example: not eligible for auto-proxying)
2020-04-21 17:23:48.519 [main] INFO  o.s.c.s.PostProcessorRegistrationDelegate$BeanPostProcessorChecker 330- Bean 'permissionsMapper' of type [org.mybatis.spring.mapper.MapperFactoryBean] is not eligible for getting processed by all BeanPostProcessors (for example: not eligible for auto-proxying)
2020-04-21 17:23:48.519 [main] INFO  o.s.c.s.PostProcessorRegistrationDelegate$BeanPostProcessorChecker 330- Bean 'permissionsMapper' of type [com.sun.proxy.$Proxy71] is not eligible for getting processed by all BeanPostProcessors (for example: not eligible for auto-proxying)
2020-04-21 17:23:48.520 [main] INFO  o.s.c.s.PostProcessorRegistrationDelegate$BeanPostProcessorChecker 330- Bean 'permissionsServiceImpl' of type [com.myself.shiroproject.service.impl.permissionsServiceImpl] is not eligible for getting processed by all BeanPostProcessors (for example: not eligible for auto-proxying)
2020-04-21 17:23:48.520 [main] INFO  o.s.c.s.PostProcessorRegistrationDelegate$BeanPostProcessorChecker 330- Bean 'authRealm' of type [com.myself.shiroproject.config.shiro.AuthRealm] is not eligible for getting processed by all BeanPostProcessors (for example: not eligible for auto-proxying)
2020-04-21 17:23:48.771 [main] INFO  o.s.c.s.PostProcessorRegistrationDelegate$BeanPostProcessorChecker 330- Bean 'securityManager' of type [org.apache.shiro.web.mgt.DefaultWebSecurityManager] is not eligible for getting processed by all BeanPostProcessors (for example: not eligible for auto-proxying)
2020-04-21 17:23:48.814 [main] INFO  o.s.c.s.PostProcessorRegistrationDelegate$BeanPostProcessorChecker 330- Bean 'authorizationAttributeSourceAdvisor' of type [org.apache.shiro.spring.security.interceptor.AuthorizationAttributeSourceAdvisor] is not eligible for getting processed by all BeanPostProcessors (for example: not eligible for auto-proxying)
2020-04-21 17:23:48.842 [main] INFO  o.s.c.s.PostProcessorRegistrationDelegate$BeanPostProcessorChecker 330- Bean 'dsProcessor' of type [com.baomidou.dynamic.datasource.processor.DsHeaderProcessor] is not eligible for getting processed by all BeanPostProcessors (for example: not eligible for auto-proxying)
2020-04-21 17:23:48.848 [main] INFO  o.s.c.s.PostProcessorRegistrationDelegate$BeanPostProcessorChecker 330- Bean 'dynamicDatasourceAnnotationAdvisor' of type [com.baomidou.dynamic.datasource.aop.DynamicDataSourceAnnotationAdvisor] is not eligible for getting processed by all BeanPostProcessors (for example: not eligible for auto-proxying)
2020-04-21 17:23:49.124 [main] INFO  o.s.boot.web.embedded.tomcat.TomcatWebServer 92- Tomcat initialized with port(s): 9011 (http)
2020-04-21 17:23:49.134 [main] INFO  org.apache.coyote.http11.Http11NioProtocol 173- Initializing ProtocolHandler ["http-nio-9011"]
2020-04-21 17:23:49.134 [main] INFO  org.apache.catalina.core.StandardService 173- Starting service [Tomcat]
2020-04-21 17:23:49.134 [main] INFO  org.apache.catalina.core.StandardEngine 173- Starting Servlet engine: [Apache Tomcat/9.0.31]
2020-04-21 17:23:49.451 [main] INFO  o.a.c.core.ContainerBase.[Tomcat].[localhost].[/] 173- Initializing Spring embedded WebApplicationContext
2020-04-21 17:23:49.451 [main] INFO  org.springframework.web.context.ContextLoader 284- Root WebApplicationContext: initialization completed in 2263 ms
2020-04-21 17:23:49.723 [main] INFO  o.s.scheduling.concurrent.ThreadPoolTaskExecutor 181- Initializing ExecutorService 'applicationTaskExecutor'
2020-04-21 17:23:49.810 [main] INFO  o.s.b.a.web.servlet.WelcomePageHandlerMapping 58- Adding welcome page template: index
2020-04-21 17:23:49.894 [main] WARN  org.thymeleaf.templatemode.TemplateMode 150- [THYMELEAF][main] Template Mode 'HTML5' is deprecated. Using Template Mode 'HTML' instead.
2020-04-21 17:23:50.047 [main] INFO  org.apache.coyote.http11.Http11NioProtocol 173- Starting ProtocolHandler ["http-nio-9011"]
2020-04-21 17:23:50.070 [main] INFO  o.s.boot.web.embedded.tomcat.TomcatWebServer 204- Tomcat started on port(s): 9011 (http) with context path ''
2020-04-21 17:23:50.073 [main] INFO  com.myself.shiroproject.ShiroprojectApplication 61- Started ShiroprojectApplication in 3.588 seconds (JVM running for 4.767)
2020-04-21 17:23:56.735 [http-nio-9011-exec-1] INFO  o.a.c.core.ContainerBase.[Tomcat].[localhost].[/] 173- Initializing Spring DispatcherServlet 'dispatcherServlet'
2020-04-21 17:23:56.736 [http-nio-9011-exec-1] INFO  org.springframework.web.servlet.DispatcherServlet 525- Initializing Servlet 'dispatcherServlet'
2020-04-21 17:23:56.743 [http-nio-9011-exec-1] INFO  org.springframework.web.servlet.DispatcherServlet 547- Completed initialization in 7 ms
2020-04-21 17:24:15.036 [http-nio-9011-exec-4] DEBUG com.myself.shiroproject.dao.UserMapper.searchUser 159- ==>  Preparing: SELECT * FROM USER WHERE user_name= ? 
2020-04-21 17:24:15.062 [http-nio-9011-exec-4] DEBUG com.myself.shiroproject.dao.UserMapper.searchUser 159- ==> Parameters: admin(String)
2020-04-21 17:24:15.073 [http-nio-9011-exec-4] DEBUG com.myself.shiroproject.dao.UserMapper.searchUser 159- <==      Total: 1
2020-04-21 17:24:23.608 [http-nio-9011-exec-10] WARN  org.springframework.web.servlet.PageNotFound 1251- No mapping for GET /1
2020-04-21 17:24:25.616 [http-nio-9011-exec-1] WARN  org.springframework.web.servlet.PageNotFound 1251- No mapping for GET /2
